15:57:32  INFO      freight_booking  Courier selected: Allied Express (allied)  price=$39.96
15:57:32  INFO      freight_booking  Starting booking thread for courier 'allied', order '23-14357-34331'
15:57:32  INFO      courier.allied  Booking Allied Express shipment for order 23-14357-34331
15:57:34  INFO      courier.allied  Allied dispatch OK: connote=AOE1435734331W  reference=23-14357-34331
15:57:34  INFO      courier.allied  Allied label downloaded: 94655 bytes
15:57:34  INFO      freight_booking  Booking confirmed — courier=Allied Express  tracking=AOE1435734331W  reference=23-14357-34331
15:57:34  INFO      src.shipping.booking_ledger  Ledger: added Allied Express booking AOE1435734331W
15:57:34  INFO      label_capture  Label saved: C:\VB\OverdueOrders\dist\Scarlett AIO\data\shipping\allied.pdf (94655 bytes)
15:57:34  INFO      label_capture  Order label saved: \\SERVER\Project Folder\Order-Fulfillment-App\Bookings\Labels\2026-03-18\23-14357-34331.pdf (94655 bytes)
15:57:34  INFO      label_printer  Using printer: usb://0X04F9:0X2042 (raw: usb://0x04f9:0x2042_Љ)
15:57:35  WARNING   brother_ql.raster  Trying to switch the operating mode on a printer that doesn't support the command.
15:57:35  WARNING   brother_ql.raster  Trying to switch the operating mode on a printer that doesn't support the command.
15:57:35  WARNING   brother_ql.conversion  Need to resize the image...
15:57:35  WARNING   brother_ql.conversion  Need to resize the image...
15:57:35  INFO      brother_ql.backends.helpers  Sending instructions to the printer. Total: 386406 bytes.
15:57:45  INFO      brother_ql.backends.helpers  Printing was successful. Waiting for the next job.
15:57:45  INFO      label_printer  Page 1 printed successfully to usb://0X04F9:0X2042 (2 strip(s))
15:57:45  INFO      freight_booking  Label printed successfully
16:01:42  WARNING   courier.aramex  Address validation returned HTTP 400: {"errors":[{"code":"GEO_ADDR_VAL","path":null,"message":"address validation failed, unable to deliver to street address (value supplied: 'PO Box 13')","suggestedValues":null,"logLevel":6}],"type":2} — using raw address
16:01:49  INFO      freight_booking  Courier selected: DAI Post (dai_post)  price=$11.56
16:01:49  INFO      freight_booking  Starting booking thread for courier 'dai_post', order '19-14363-45261'
16:01:51  INFO      courier.dai_post  Booking DAI Post for order 19-14363-45261 (jobnumber=1773625750, weight=2.00kg)
16:01:52  ERROR     courier.dai_post  DAI Post response missing expected fields: 'shipmentresponse'  response={'error': {'code': '127', 'description': 'No Route Defined for Shipment Parameters The provided suburb and postcode combination is a PO Box or falls outside the serviceable area. Please provide an alternative address.'}}
16:01:52  ERROR     freight_booking  Booking failed for 'DAI Post': Unexpected DAI Post response: 'shipmentresponse'
16:02:04  INFO      freight_booking  Courier selected: Australia Post (auspost)  price=$24.52
16:02:04  INFO      freight_booking  Starting booking thread for courier 'auspost', order '19-14363-45261'
16:02:04  INFO      courier.auspost  Booking AusPost shipment for order 19-14363-45261 (product=3D55)
16:02:05  INFO      courier.auspost  AusPost shipment created: tracking=33C335045025  shipment_id=aPCy0E7dN4QAAAGcTY0CUP9S
16:02:05  INFO      courier.auspost  AusPost label downloaded: 28495 bytes  url=https://ap-prod-ddc-stack-content.s3.ap-southeast-2.amazonaws.com/pccbatch-prod/5ae95bc5-5739-49ec-af4b-1bd4ac80a5a1.pdf?AWSAccessKeyId=AKIAQSKC37NJNPLWN6E3&Expires=1773896526&Signature=7713ONZ%2FFXLsf9LKMX44MOa7yK0%3D
16:02:05  INFO      freight_booking  Booking confirmed — courier=Australia Post  tracking=33C335045025  reference=aPCy0E7dN4QAAAGcTY0CUP9S
16:02:05  INFO      src.shipping.booking_ledger  Ledger: added Australia Post booking 33C335045025
16:02:05  INFO      label_capture  Label saved: C:\VB\OverdueOrders\dist\Scarlett AIO\data\shipping\auspost.pdf (28495 bytes)
16:02:05  INFO      label_capture  Order label saved: \\SERVER\Project Folder\Order-Fulfillment-App\Bookings\Labels\2026-03-18\19-14363-45261.pdf (28495 bytes)
16:02:05  INFO      label_printer  Using printer: usb://0X04F9:0X2042 (raw: usb://0x04f9:0x2042_Љ)
16:02:06  WARNING   brother_ql.raster  Trying to switch the operating mode on a printer that doesn't support the command.
16:02:06  WARNING   brother_ql.raster  Trying to switch the operating mode on a printer that doesn't support the command.
16:02:06  WARNING   brother_ql.conversion  Need to resize the image...
16:02:06  WARNING   brother_ql.conversion  Need to resize the image...
16:02:06  INFO      brother_ql.backends.helpers  Sending instructions to the printer. Total: 156882 bytes.
16:02:12  INFO      brother_ql.backends.helpers  Printing was successful. Waiting for the next job.
16:02:12  INFO      label_printer  Page 1 printed successfully to usb://0X04F9:0X2042 (2 strip(s))
16:02:12  INFO      freight_booking  Label printed successfully
16:18:15  INFO      freight_booking  Courier selected: Allied Express (allied)  price=$134.24
16:18:15  INFO      freight_booking  Starting booking thread for courier 'allied', order '18-14359-85989'
16:18:15  INFO      courier.allied  Booking Allied Express shipment for order 18-14359-85989
16:18:20  INFO      courier.allied  Allied dispatch OK: connote=AOE1435985989K  reference=18-14359-85989
16:18:20  INFO      courier.allied  Allied label downloaded: 95265 bytes
16:18:20  INFO      freight_booking  Booking confirmed — courier=Allied Express  tracking=AOE1435985989K  reference=18-14359-85989
16:18:20  INFO      src.shipping.booking_ledger  Ledger: added Allied Express booking AOE1435985989K
16:18:20  INFO      label_capture  Label saved: C:\VB\OverdueOrders\dist\Scarlett AIO\data\shipping\allied.pdf (95265 bytes)
16:18:20  INFO      label_capture  Order label saved: \\SERVER\Project Folder\Order-Fulfillment-App\Bookings\Labels\2026-03-18\18-14359-85989.pdf (95265 bytes)
16:18:20  INFO      label_printer  Using printer: usb://0X04F9:0X2042 (raw: usb://0x04f9:0x2042_Љ)
16:18:21  WARNING   brother_ql.raster  Trying to switch the operating mode on a printer that doesn't support the command.
16:18:21  WARNING   brother_ql.raster  Trying to switch the operating mode on a printer that doesn't support the command.
16:18:21  WARNING   brother_ql.conversion  Need to resize the image...
16:18:21  WARNING   brother_ql.conversion  Need to resize the image...
16:18:21  INFO      brother_ql.backends.helpers  Sending instructions to the printer. Total: 386406 bytes.
16:18:31  INFO      brother_ql.backends.helpers  Printing was successful. Waiting for the next job.
16:18:31  INFO      label_printer  Page 1 printed successfully to usb://0X04F9:0X2042 (2 strip(s))
16:18:31  INFO      freight_booking  Label printed successfully
16:26:24  INFO      freight_booking  Uploading dimensions for SKU CPS1420: 0.25kg  21.0x21.0x3.0cm
16:26:24  INFO      freight_booking  Courier selected: Aramex (aramex)  price=$5.22
16:26:24  INFO      freight_booking  Starting booking thread for courier 'aramex', order '13-14372-33584'
16:26:24  INFO      courier.aramex  Booking Aramex consignment for order 13-14372-33584 (receiver: Andrew C Edwards, Kambah ACT)
16:26:24  INFO      freight_booking  Neto dimensions updated for SKU CPS1420
16:26:25  INFO      courier.aramex  Consignment created: conId=151089999  tracking=MS0018119071
16:26:25  INFO      courier.aramex  Label PDF downloaded: 111161 bytes
16:26:25  INFO      freight_booking  Booking confirmed — courier=Aramex  tracking=MS0018119071  reference=151089999
16:26:25  INFO      src.shipping.booking_ledger  Ledger: added Aramex booking MS0018119071
16:26:25  INFO      label_capture  Label saved: C:\VB\OverdueOrders\dist\Scarlett AIO\data\shipping\aramex.pdf (111161 bytes)
16:26:25  INFO      label_capture  Order label saved: \\SERVER\Project Folder\Order-Fulfillment-App\Bookings\Labels\2026-03-18\13-14372-33584.pdf (111161 bytes)
16:26:26  INFO      label_printer  Using printer: usb://0X04F9:0X2042 (raw: usb://0x04f9:0x2042_Љ)
16:26:26  WARNING   brother_ql.raster  Trying to switch the operating mode on a printer that doesn't support the command.
16:26:26  WARNING   brother_ql.raster  Trying to switch the operating mode on a printer that doesn't support the command.
16:26:26  WARNING   brother_ql.conversion  Need to resize the image...
16:26:26  WARNING   brother_ql.conversion  Need to resize the image...
16:26:26  INFO      brother_ql.backends.helpers  Sending instructions to the printer. Total: 167112 bytes.
16:26:27  INFO      ebay_client  eBay ReviseItem dimensions updated for ItemID 184364932050: 0.25kg  21.0x21.0x3.0cm
16:26:27  INFO      freight_booking  eBay dimensions updated for ItemID 184364932050
16:26:32  INFO      brother_ql.backends.helpers  Printing was successful. Waiting for the next job.
16:26:32  INFO      label_printer  Page 1 printed successfully to usb://0X04F9:0X2042 (2 strip(s))
16:26:32  INFO      freight_booking  Label printed successfully
16:28:00  INFO      freight_booking  Uploading dimensions for SKU G7UBK: 0.25kg  21.0x21.0x3.0cm
16:28:00  INFO      freight_booking  Courier selected: DAI Post (dai_post)  price=$6.96
16:28:00  INFO      freight_booking  Starting booking thread for courier 'dai_post', order '05-14364-15519'
16:28:00  INFO      freight_booking  Neto dimensions updated for SKU G7UBK
16:28:02  INFO      ebay_client  eBay ReviseItem dimensions updated for ItemID 184362320311: 0.25kg  21.0x21.0x3.0cm
16:28:02  INFO      freight_booking  eBay dimensions updated for ItemID 184362320311
16:28:03  INFO      courier.dai_post  Booking DAI Post for order 05-14364-15519 (jobnumber=1773625750, weight=0.25kg)
16:28:06  INFO      courier.dai_post  DAI Post booked: tracking=00393580940135081663  label=154976 bytes
16:28:09  INFO      courier.dai_post  DAI Post: inserted manifest record — tracking=00393580940135081663 job=1773625750
16:28:09  INFO      freight_booking  Booking confirmed — courier=DAI Post  tracking=00393580940135081663  reference=1773625750
16:28:09  INFO      src.shipping.booking_ledger  Ledger: added DAI Post booking 00393580940135081663
16:28:09  INFO      label_capture  Label saved: C:\VB\OverdueOrders\dist\Scarlett AIO\data\shipping\dai_post.pdf (154976 bytes)
16:28:09  INFO      label_capture  Order label saved: \\SERVER\Project Folder\Order-Fulfillment-App\Bookings\Labels\2026-03-18\05-14364-15519.pdf (154976 bytes)
16:28:09  INFO      label_printer  Using printer: usb://0X04F9:0X2042 (raw: usb://0x04f9:0x2042_Љ)
16:28:11  WARNING   brother_ql.raster  Trying to switch the operating mode on a printer that doesn't support the command.
16:28:11  WARNING   brother_ql.raster  Trying to switch the operating mode on a printer that doesn't support the command.
16:28:11  WARNING   brother_ql.conversion  Need to resize the image...
16:28:11  WARNING   brother_ql.conversion  Need to resize the image...
16:28:11  INFO      brother_ql.backends.helpers  Sending instructions to the printer. Total: 167298 bytes.
16:28:17  INFO      brother_ql.backends.helpers  Printing was successful. Waiting for the next job.
16:28:17  INFO      label_printer  Page 1 printed successfully to usb://0X04F9:0X2042 (2 strip(s))
16:28:17  INFO      freight_booking  Label printed successfully
16:32:49  WARNING   courier.aramex  Address validation returned HTTP 400: {"errors":[{"code":"GEO_ADDR_VAL","path":null,"message":"address validation failed, unable to deliver to street address (value supplied: 'Po Box 394')","suggestedValues":null,"logLevel":6}],"type":2} — using raw address
16:32:53  INFO      freight_booking  Courier selected: DAI Post (dai_post)  price=$10.39
16:32:53  INFO      freight_booking  Starting booking thread for courier 'dai_post', order '12-14373-79630'
16:32:56  INFO      courier.dai_post  Booking DAI Post for order 12-14373-79630 (jobnumber=1773625750, weight=5.00kg)
16:32:57  ERROR     courier.dai_post  DAI Post response missing expected fields: 'shipmentresponse'  response={'error': {'code': '127', 'description': 'No Route Defined for Shipment Parameters The provided suburb and postcode combination is a PO Box or falls outside the serviceable area. Please provide an alternative address.'}}
16:32:57  ERROR     freight_booking  Booking failed for 'DAI Post': Unexpected DAI Post response: 'shipmentresponse'
16:33:06  INFO      freight_booking  Courier selected: Australia Post (auspost)  price=$23.96
16:33:06  INFO      freight_booking  Starting booking thread for courier 'auspost', order '12-14373-79630'
16:33:06  INFO      courier.auspost  Booking AusPost shipment for order 12-14373-79630 (product=3D55)
16:33:06  INFO      courier.auspost  AusPost shipment created: tracking=33C335045027  shipment_id=aPBi0ENxrsoAAAGcsfMCUP9u
16:33:07  INFO      courier.auspost  AusPost label downloaded: 28485 bytes  url=https://ap-prod-ddc-stack-content.s3.ap-southeast-2.amazonaws.com/pccbatch-prod/3d126a90-b031-4de5-aa2f-72142f7eff0e.pdf?AWSAccessKeyId=AKIAQSKC37NJNPLWN6E3&Expires=1773898387&Signature=owIt2bVLly2liPz2%2BRQYA1%2FNnFo%3D
16:33:07  INFO      freight_booking  Booking confirmed — courier=Australia Post  tracking=33C335045027  reference=aPBi0ENxrsoAAAGcsfMCUP9u
16:33:07  INFO      src.shipping.booking_ledger  Ledger: added Australia Post booking 33C335045027
16:33:07  INFO      label_capture  Label saved: C:\VB\OverdueOrders\dist\Scarlett AIO\data\shipping\auspost.pdf (28485 bytes)
16:33:07  INFO      label_capture  Order label saved: \\SERVER\Project Folder\Order-Fulfillment-App\Bookings\Labels\2026-03-18\12-14373-79630.pdf (28485 bytes)
16:33:07  INFO      label_printer  Using printer: usb://0X04F9:0X2042 (raw: usb://0x04f9:0x2042_Љ)
16:33:08  WARNING   brother_ql.raster  Trying to switch the operating mode on a printer that doesn't support the command.
16:33:08  WARNING   brother_ql.raster  Trying to switch the operating mode on a printer that doesn't support the command.
16:33:08  WARNING   brother_ql.conversion  Need to resize the image...
16:33:08  WARNING   brother_ql.conversion  Need to resize the image...
16:33:08  INFO      brother_ql.backends.helpers  Sending instructions to the printer. Total: 156882 bytes.
16:33:13  INFO      brother_ql.backends.helpers  Printing was successful. Waiting for the next job.
16:33:13  INFO      label_printer  Page 1 printed successfully to usb://0X04F9:0X2042 (2 strip(s))
16:33:13  INFO      freight_booking  Label printed successfully
16:41:03  INFO      freight_booking  Uploading dimensions for SKU S1534: 2.00kg  77.0x29.0x15.0cm
16:41:03  INFO      freight_booking  Courier selected: Australia Post (auspost)  price=$16.47
16:41:03  INFO      freight_booking  Starting booking thread for courier 'auspost', order '06-14383-06246'
16:41:03  INFO      courier.auspost  Booking AusPost shipment for order 06-14383-06246 (product=3D55)
16:41:03  INFO      freight_booking  Neto dimensions updated for SKU S1534
16:41:04  INFO      courier.auspost  AusPost shipment created: tracking=33C335045028  shipment_id=aPDO0E7dPmAAAAGcLT8CUP92
16:41:05  INFO      courier.auspost  AusPost label downloaded: 28529 bytes  url=https://ap-prod-ddc-stack-content.s3.ap-southeast-2.amazonaws.com/pccbatch-prod/6df968cd-11f6-494f-98ed-ac25c6ce5e33.pdf?AWSAccessKeyId=AKIAQSKC37NJNPLWN6E3&Expires=1773898866&Signature=KI7H0cjsXSDnQloLQcUL6%2FsoNKw%3D
16:41:05  INFO      freight_booking  Booking confirmed — courier=Australia Post  tracking=33C335045028  reference=aPDO0E7dPmAAAAGcLT8CUP92
16:41:05  INFO      src.shipping.booking_ledger  Ledger: added Australia Post booking 33C335045028
16:41:05  INFO      label_capture  Label saved: C:\VB\OverdueOrders\dist\Scarlett AIO\data\shipping\auspost.pdf (28529 bytes)
16:41:05  INFO      label_capture  Order label saved: \\SERVER\Project Folder\Order-Fulfillment-App\Bookings\Labels\2026-03-18\06-14383-06246.pdf (28529 bytes)
16:41:05  INFO      label_printer  Using printer: usb://0X04F9:0X2042 (raw: usb://0x04f9:0x2042_Љ)
16:41:05  INFO      ebay_client  eBay ReviseItem dimensions updated for ItemID 387828841043: 2.0kg  77.0x29.0x15.0cm
16:41:05  INFO      freight_booking  eBay dimensions updated for ItemID 387828841043
16:41:06  WARNING   brother_ql.raster  Trying to switch the operating mode on a printer that doesn't support the command.
16:41:06  WARNING   brother_ql.raster  Trying to switch the operating mode on a printer that doesn't support the command.
16:41:06  WARNING   brother_ql.conversion  Need to resize the image...
16:41:06  WARNING   brother_ql.conversion  Need to resize the image...
16:41:06  INFO      brother_ql.backends.helpers  Sending instructions to the printer. Total: 156882 bytes.
16:41:11  INFO      brother_ql.backends.helpers  Printing was successful. Waiting for the next job.
16:41:11  INFO      label_printer  Page 1 printed successfully to usb://0X04F9:0X2042 (2 strip(s))
16:41:11  INFO      freight_booking  Label printed successfully
16:44:36  WARNING   courier.aramex  Address validation state mismatch (expected Victoria, got VIC) — using raw address
16:44:41  INFO      freight_booking  Uploading dimensions for SKU GTSE3SKLHCS: 8.00kg  105.0x41.0x10.0cm
16:44:41  INFO      freight_booking  Courier selected: Aramex (aramex)  price=$7.42
16:44:41  INFO      freight_booking  Starting booking thread for courier 'aramex', order '03-14380-77401'
16:44:41  INFO      courier.aramex  Booking Aramex consignment for order 03-14380-77401 (receiver: jeremy marotti, Narre Warren Victoria)
16:44:41  INFO      freight_booking  Neto dimensions updated for SKU GTSE3SKLHCS
16:44:41  WARNING   courier.aramex  Address validation state mismatch (expected Victoria, got VIC) — using raw address
16:44:42  INFO      courier.aramex  Consignment created: conId=151092332  tracking=MP0083006081
16:44:43  INFO      courier.aramex  Label PDF downloaded: 111244 bytes
16:44:43  INFO      freight_booking  Booking confirmed — courier=Aramex  tracking=MP0083006081  reference=151092332
16:44:43  INFO      src.shipping.booking_ledger  Ledger: added Aramex booking MP0083006081
16:44:43  INFO      label_capture  Label saved: C:\VB\OverdueOrders\dist\Scarlett AIO\data\shipping\aramex.pdf (111244 bytes)
16:44:43  INFO      label_capture  Order label saved: \\SERVER\Project Folder\Order-Fulfillment-App\Bookings\Labels\2026-03-18\03-14380-77401.pdf (111244 bytes)
16:44:43  INFO      label_printer  Using printer: usb://0X04F9:0X2042 (raw: usb://0x04f9:0x2042_Љ)
16:44:44  WARNING   brother_ql.raster  Trying to switch the operating mode on a printer that doesn't support the command.
16:44:44  WARNING   brother_ql.raster  Trying to switch the operating mode on a printer that doesn't support the command.
16:44:44  WARNING   brother_ql.conversion  Need to resize the image...
16:44:44  WARNING   brother_ql.conversion  Need to resize the image...
16:44:44  INFO      brother_ql.backends.helpers  Sending instructions to the printer. Total: 167112 bytes.
16:44:44  INFO      ebay_client  eBay ReviseItem dimensions updated for ItemID 126885630152: 8.0kg  105.0x41.0x10.0cm
16:44:44  INFO      freight_booking  eBay dimensions updated for ItemID 126885630152
16:44:50  INFO      brother_ql.backends.helpers  Printing was successful. Waiting for the next job.
16:44:50  INFO      label_printer  Page 1 printed successfully to usb://0X04F9:0X2042 (2 strip(s))
16:44:50  INFO      freight_booking  Label printed successfully
16:49:08  INFO      freight_booking  Uploading dimensions for SKU DWP1935: 1.00kg  34.0x33.0x8.0cm
16:49:08  INFO      freight_booking  Courier selected: DAI Post (dai_post)  price=$5.76
16:49:08  INFO      freight_booking  Starting booking thread for courier 'dai_post', order 'N478119'
16:49:08  INFO      freight_booking  Neto dimensions updated for SKU DWP1935
16:49:10  INFO      courier.dai_post  Booking DAI Post for order N478119 (jobnumber=1773625750, weight=1.00kg)
16:49:11  INFO      courier.dai_post  DAI Post booked: tracking=00393580940135084589  label=21375 bytes
16:49:15  INFO      courier.dai_post  DAI Post: inserted manifest record — tracking=00393580940135084589 job=1773625750
16:49:15  INFO      freight_booking  Booking confirmed — courier=DAI Post  tracking=00393580940135084589  reference=1773625750
16:49:15  INFO      src.shipping.booking_ledger  Ledger: added DAI Post booking 00393580940135084589
16:49:15  INFO      label_capture  Label saved: C:\VB\OverdueOrders\dist\Scarlett AIO\data\shipping\dai_post.pdf (21375 bytes)
16:49:15  INFO      label_capture  Order label saved: \\SERVER\Project Folder\Order-Fulfillment-App\Bookings\Labels\2026-03-18\N478119.pdf (21375 bytes)
16:49:15  INFO      label_printer  Using printer: usb://0X04F9:0X2042 (raw: usb://0x04f9:0x2042_Љ)
16:49:16  WARNING   brother_ql.raster  Trying to switch the operating mode on a printer that doesn't support the command.
16:49:16  WARNING   brother_ql.raster  Trying to switch the operating mode on a printer that doesn't support the command.
16:49:16  WARNING   brother_ql.conversion  Need to resize the image...
16:49:16  WARNING   brother_ql.conversion  Need to resize the image...
16:49:16  INFO      brother_ql.backends.helpers  Sending instructions to the printer. Total: 167298 bytes.
16:49:22  INFO      brother_ql.backends.helpers  Printing was successful. Waiting for the next job.
16:49:22  INFO      label_printer  Page 1 printed successfully to usb://0X04F9:0X2042 (2 strip(s))
16:49:22  INFO      freight_booking  Label printed successfully
16:55:00  INFO      freight_booking  Uploading dimensions for SKU T5B: 0.25kg  18.0x23.0x4.0cm
16:55:00  INFO      freight_booking  Courier selected: DAI Post (dai_post)  price=$6.96
16:55:00  INFO      freight_booking  Starting booking thread for courier 'dai_post', order 'N478118'
16:55:00  INFO      freight_booking  Neto dimensions updated for SKU T5B
16:55:02  INFO      courier.dai_post  Booking DAI Post for order N478118 (jobnumber=1773625750, weight=0.25kg)
16:55:06  INFO      courier.dai_post  DAI Post booked: tracking=00393580940135085722  label=21374 bytes
16:55:08  INFO      courier.dai_post  DAI Post: inserted manifest record — tracking=00393580940135085722 job=1773625750
16:55:08  INFO      freight_booking  Booking confirmed — courier=DAI Post  tracking=00393580940135085722  reference=1773625750
16:55:08  INFO      src.shipping.booking_ledger  Ledger: added DAI Post booking 00393580940135085722
16:55:08  INFO      label_capture  Label saved: C:\VB\OverdueOrders\dist\Scarlett AIO\data\shipping\dai_post.pdf (21374 bytes)
16:55:08  INFO      label_capture  Order label saved: \\SERVER\Project Folder\Order-Fulfillment-App\Bookings\Labels\2026-03-18\N478118.pdf (21374 bytes)
16:55:08  INFO      label_printer  Using printer: usb://0X04F9:0X2042 (raw: usb://0x04f9:0x2042_Љ)
16:55:09  WARNING   brother_ql.raster  Trying to switch the operating mode on a printer that doesn't support the command.
16:55:09  WARNING   brother_ql.raster  Trying to switch the operating mode on a printer that doesn't support the command.
16:55:09  WARNING   brother_ql.conversion  Need to resize the image...
16:55:09  WARNING   brother_ql.conversion  Need to resize the image...
16:55:09  INFO      brother_ql.backends.helpers  Sending instructions to the printer. Total: 167298 bytes.
16:55:15  INFO      brother_ql.backends.helpers  Printing was successful. Waiting for the next job.
16:55:15  INFO      label_printer  Page 1 printed successfully to usb://0X04F9:0X2042 (2 strip(s))
16:55:15  INFO      freight_booking  Label printed successfully
